<?xml version="1.0" encoding="UTF-8"?><testrun name="StepRunner" project="MobileTestDemoBDD" tests="15" started="15" failures="2" errors="0" ignored="4">
  <testsuite name="StepRunner.StepRunner" time="4.793">
    <testsuite name="Feature: Test mobile apps" time="4.793">
      <testsuite name="Scenario: Test radio buttons" time="4.78" incomplete="true">
        <failure>java.lang.AssertionError: expected [Your choice: 84] but found [Your choice: 88]
	at org.testng.Assert.fail(Assert.java:94)
	at org.testng.Assert.failNotEquals(Assert.java:513)
	at org.testng.Assert.assertEqualsImpl(Assert.java:135)
	at org.testng.Assert.assertEquals(Assert.java:116)
	at org.testng.Assert.assertEquals(Assert.java:190)
	at org.testng.Assert.assertEquals(Assert.java:200)
	at StepDefinition.StepDefinition.your_choice_124_is_displayed(StepDefinition.java:120)
	at ✽.And Your choice: 124 is displayed(test1.feature:32)

</failure>
        <testcase name="Given I launch the app" classname="Scenario: Test radio buttons" time="0.601"/>
        <testcase name="When I click on OK" classname="Scenario: Test radio buttons" time="0.671"/>
        <testcase name="Then App should start" classname="Scenario: Test radio buttons" time="0.213"/>
        <testcase name="When I click on One radio button" classname="Scenario: Test radio buttons" time="0.663"/>
        <testcase name="And I click on apply button1" classname="Scenario: Test radio buttons" time="0.74"/>
        <testcase name="Then That One radio button is selected" classname="Scenario: Test radio buttons" time="0.178"/>
        <testcase name="And Your choice: 0 is displayed" classname="Scenario: Test radio buttons" time="0.222"/>
        <testcase name="When I click on Two radio button" classname="Scenario: Test radio buttons" time="0.594"/>
        <testcase name="And I click on apply button2" classname="Scenario: Test radio buttons" time="0.726"/>
        <testcase name="Then That Two radio button is selected" classname="Scenario: Test radio buttons" time="0.171"/>
        <testcase name="And Your choice: 124 is displayed" classname="Scenario: Test radio buttons" time="0.001">
          <failure>java.lang.AssertionError: expected [Your choice: 84] but found [Your choice: 88]
	at org.testng.Assert.fail(Assert.java:94)
	at org.testng.Assert.failNotEquals(Assert.java:513)
	at org.testng.Assert.assertEqualsImpl(Assert.java:135)
	at org.testng.Assert.assertEquals(Assert.java:116)
	at org.testng.Assert.assertEquals(Assert.java:190)
	at org.testng.Assert.assertEquals(Assert.java:200)
	at StepDefinition.StepDefinition.your_choice_124_is_displayed(StepDefinition.java:120)
	at ✽.And Your choice: 124 is displayed(test1.feature:32)

</failure>
        </testcase>
        <testcase name="When I click on Three radio button" classname="Scenario: Test radio buttons" time="0.001" ignored="true"/>
        <testcase name="And I click on apply button3" classname="Scenario: Test radio buttons" time="0.001" ignored="true"/>
        <testcase name="Then That Three radio button is selected" classname="Scenario: Test radio buttons" time="0.003" ignored="true"/>
        <testcase name="And Your choice: 224 is displayed" classname="Scenario: Test radio buttons" time="0.007" ignored="true"/>
      </testsuite>
    </testsuite>
  </testsuite>
</testrun>
